<?xml version="1.0" encoding="UTF-8"?>
<!-- Generated by org.testng.reporters.JUnitXMLReporter -->
<testsuite ignored="0" hostname="DESKTOP-O9QR0P4" failures="0" tests="3" name="ContactFormTests" time="21.072" errors="0" timestamp="2026-09-13T10:39:46 PKT">
  <testcase classname="ContactFormTest" name="testContactFormSubmission" time="2.96"/>
  <testcase classname="ContactFormTest" name="testContactFormSubmission" time="4.785"/>
  <testcase classname="ContactFormTest" name="testContactFormSubmission" time="3.419"/>
</testsuite> <!-- ContactFormTests -->
