<?xml version="1.0" encoding="UTF-8"?>
<!-- Generated by org.testng.reporters.JUnitReportReporter -->
<testsuite hostname="DESKTOP-O9QR0P4" failures="0" tests="3" name="ContactFormTest" time="20.985" errors="0" timestamp="2026-09-13T10:39:46 PKT" skipped="0">
  <testcase classname="ContactFormTest" name="testContactFormSubmission" time="6.065"/>
  <testcase classname="ContactFormTest" name="testContactFormSubmission" time="7.279"/>
  <testcase classname="ContactFormTest" name="testContactFormSubmission" time="7.641"/>
</testsuite> <!-- ContactFormTest -->
